<?xml version="1.0" encoding="UTF-8"?>
<!-- Generated by org.testng.reporters.JUnitReportReporter -->
<testsuite hostname="LAPTOP-7IGJNESO" failures="0" tests="1" name="testscripts.ThirdTest" time="27.057" errors="0" timestamp="2023-03-02T12:30:45 IST" skipped="0">
  <testcase classname="testscripts.ThirdTest" name="thirdTest" time="27.057"/>
  <system-out/>
</testsuite> <!-- testscripts.ThirdTest -->
