<?xml version="1.0" encoding="UTF-8"?>
<!-- Generated by org.testng.reporters.JUnitReportReporter -->
<testsuite hostname="LAPTOP-7IGJNESO" failures="0" tests="1" name="testscripts.FourthTest" time="55.059" errors="0" timestamp="2023-03-01T12:41:57 IST" skipped="0">
  <testcase classname="testscripts.FourthTest" name="FourthTest" time="55.059"/>
  <system-out/>
</testsuite> <!-- testscripts.FourthTest -->
