<?xml version="1.0" encoding="UTF-8"?>
<!-- Generated by org.testng.reporters.JUnitReportReporter -->
<testsuite hostname="LAPTOP-7IGJNESO" failures="0" tests="1" name="testscripts.FIrstTest" time="22.806" errors="0" timestamp="2023-02-28T14:14:19 IST" skipped="0">
  <testcase classname="testscripts.FIrstTest" name="FirstTest" time="22.806"/>
  <system-out/>
</testsuite> <!-- testscripts.FIrstTest -->
